<?xml version="1.0" encoding="UTF-8"?>
<testng-results ignored="1" total="2" passed="1" failed="0" skipped="0">
  <reporter-output>
  </reporter-output>
  <suite started-at="2023-12-14T14:01:51 IST" name="All Test Suite" finished-at="2023-12-14T14:02:02 IST" duration-ms="10618">
    <groups>
    </groups>
    <test started-at="2023-12-14T14:01:51 IST" name="C:/Users/lenovo/Downloads/SeleniumFrameworkDesign/PayO" finished-at="2023-12-14T14:02:02 IST" duration-ms="10618">
      <class name="LoginTest">
        <test-method is-config="true" signature="setup()[pri:0, instance:LoginTest@f5958c9]" started-at="2023-12-14T14:01:51 IST" name="setup" finished-at="2023-12-14T14:01:57 IST" duration-ms="5587" status="PASS">
          <reporter-output>
          </reporter-output>
        </test-method> <!-- setup -->
        <test-method signature="Login()[pri:0, instance:LoginTest@f5958c9]" started-at="2023-12-14T14:01:57 IST" name="Login" finished-at="2023-12-14T14:02:02 IST" duration-ms="4997" status="PASS">
          <reporter-output>
          </reporter-output>
        </test-method> <!-- Login -->
      </class> <!-- LoginTest -->
    </test> <!-- C:/Users/lenovo/Downloads/SeleniumFrameworkDesign/PayO -->
  </suite> <!-- All Test Suite -->
</testng-results>
